<?xml version="1.0" encoding="utf-8"?><testsuites name="pytest tests"><testsuite name="pytest" errors="0" failures="0" skipped="0" tests="20" time="350.021" timestamp="2026-02-25T22:51:25.035650+00:00" hostname="agent-env-13465f8a-f0e8-429f-950c-98790339506c"><testcase classname="backend.tests.test_ai_features.TestMarketIntelligence" name="test_market_intelligence_saas_sector" time="50.003" /><testcase classname="backend.tests.test_ai_features.TestMarketIntelligence" name="test_market_intelligence_healthcare_sector" time="53.029" /><testcase classname="backend.tests.test_ai_features.TestMarketIntelligence" name="test_market_intelligence_finance_sector" time="53.869" /><testcase classname="backend.tests.test_ai_features.TestMarketIntelligence" name="test_market_intelligence_refresh" time="118.495" /><testcase classname="backend.tests.test_ai_features.TestPolicyAnalysis" name="test_analyze_policy_valid_document" time="19.135" /><testcase classname="backend.tests.test_ai_features.TestPolicyAnalysis" name="test_analyze_policy_short_document_rejected" time="0.139" /><testcase classname="backend.tests.test_ai_features.TestPolicyAnalysis" name="test_analyze_policy_with_claude_model" time="17.721" /><testcase classname="backend.tests.test_ai_features.TestContractAnalysis" name="test_analyze_contract_valid" time="29.485" /><testcase classname="backend.tests.test_ai_features.TestContractAnalysis" name="test_analyze_contract_short_rejected" time="0.305" /><testcase classname="backend.tests.test_ai_features.TestOnboardingPortal" name="test_submit_onboarding_basic" time="0.408" /><testcase classname="backend.tests.test_ai_features.TestOnboardingPortal" name="test_submit_onboarding_with_systems" time="0.319" /><testcase classname="backend.tests.test_ai_features.TestOnboardingPortal" name="test_submit_onboarding_invalid_sector" time="0.154" /><testcase classname="backend.tests.test_ai_features.TestOnboardingAdmin" name="test_list_onboarding_submissions" time="0.128" /><testcase classname="backend.tests.test_ai_features.TestOnboardingAdmin" name="test_list_pending_submissions" time="0.125" /><testcase classname="backend.tests.test_ai_features.TestOnboardingAdmin" name="test_get_specific_submission" time="0.551" /><testcase classname="backend.tests.test_ai_features.TestOnboardingAdmin" name="test_get_nonexistent_submission" time="0.132" /><testcase classname="backend.tests.test_ai_features.TestOnboardingAdmin" name="test_approve_submission" time="0.639" /><testcase classname="backend.tests.test_ai_features.TestOnboardingAdmin" name="test_reject_submission" time="0.437" /><testcase classname="backend.tests.test_ai_features.TestAutoFillFromDocument" name="test_auto_fill_valid_document" time="4.652" /><testcase classname="backend.tests.test_ai_features.TestAutoFillFromDocument" name="test_auto_fill_short_document_rejected" time="0.212" /></testsuite></testsuites>