<?xml version="1.0" encoding="utf-8"?><testsuites name="pytest tests"><testsuite name="pytest" errors="0" failures="0" skipped="0" tests="19" time="7.745" timestamp="2026-02-27T09:33:43.788832+00:00" hostname="agent-env-a7246fd4-5178-424e-87cf-74407e393089"><testcase classname="tests.test_enterprise_features.TestAuthentication" name="test_login_success" time="0.386" /><testcase classname="tests.test_enterprise_features.TestAuthentication" name="test_login_invalid_credentials" time="0.341" /><testcase classname="tests.test_enterprise_features.TestAuthentication" name="test_register_new_user" time="0.343" /><testcase classname="tests.test_enterprise_features.TestAuthentication" name="test_get_me_authenticated" time="0.454" /><testcase classname="tests.test_enterprise_features.TestAuthentication" name="test_get_me_unauthenticated" time="0.097" /><testcase classname="tests.test_enterprise_features.TestAuditLogging" name="test_get_audit_logs" time="0.446" /><testcase classname="tests.test_enterprise_features.TestAuditLogging" name="test_audit_logs_contain_login_events" time="0.440" /><testcase classname="tests.test_enterprise_features.TestAuditLogging" name="test_audit_log_summary" time="0.429" /><testcase classname="tests.test_enterprise_features.TestAuditLogging" name="test_audit_logs_require_auth" time="0.449" /><testcase classname="tests.test_enterprise_features.TestAPIKeys" name="test_list_api_keys" time="0.451" /><testcase classname="tests.test_enterprise_features.TestAPIKeys" name="test_create_api_key" time="0.658" /><testcase classname="tests.test_enterprise_features.TestAPIKeys" name="test_create_and_delete_api_key" time="0.779" /><testcase classname="tests.test_enterprise_features.TestBenchmarks" name="test_get_benchmark_saas" time="0.104" /><testcase classname="tests.test_enterprise_features.TestBenchmarks" name="test_get_benchmark_healthcare" time="0.104" /><testcase classname="tests.test_enterprise_features.TestBenchmarks" name="test_get_all_benchmarks" time="0.110" /><testcase classname="tests.test_enterprise_features.TestBenchmarks" name="test_benchmark_has_distribution_data" time="0.100" /><testcase classname="tests.test_enterprise_features.TestCRUDAuditIntegration" name="test_client_create_generates_audit_log" time="0.751" /><testcase classname="tests.test_enterprise_features.TestCRUDAuditIntegration" name="test_client_update_generates_audit_log" time="0.794" /><testcase classname="tests.test_enterprise_features.TestDashboardStats" name="test_get_dashboard_stats" time="0.428" /></testsuite></testsuites>