<?xml version="1.0" encoding="utf-8"?><testsuites name="pytest tests"><testsuite name="pytest" errors="0" failures="0" skipped="0" tests="19" time="3.225" timestamp="2026-02-27T09:52:30.608355+00:00" hostname="agent-env-a7246fd4-5178-424e-87cf-74407e393089"><testcase classname="backend.tests.test_p2_p3_features.TestScheduledAssessments" name="test_list_scheduled_assessments" time="0.538" /><testcase classname="backend.tests.test_p2_p3_features.TestScheduledAssessments" name="test_create_scheduled_assessment" time="0.366" /><testcase classname="backend.tests.test_p2_p3_features.TestScheduledAssessments" name="test_get_due_scheduled_assessments" time="0.111" /><testcase classname="backend.tests.test_p2_p3_features.TestScheduledAssessments" name="test_delete_scheduled_assessment" time="0.100" /><testcase classname="backend.tests.test_p2_p3_features.TestScheduledAssessments" name="test_scheduled_assessments_requires_auth" time="0.096" /><testcase classname="backend.tests.test_p2_p3_features.TestShareableReports" name="test_create_shareable_report" time="0.210" /><testcase classname="backend.tests.test_p2_p3_features.TestShareableReports" name="test_view_shared_report" time="0.117" /><testcase classname="backend.tests.test_p2_p3_features.TestShareableReports" name="test_view_shared_report_invalid_token" time="0.100" /><testcase classname="backend.tests.test_p2_p3_features.TestShareableReports" name="test_list_shareable_reports" time="0.109" /><testcase classname="backend.tests.test_p2_p3_features.TestShareableReports" name="test_shareable_reports_requires_auth" time="0.242" /><testcase classname="backend.tests.test_p2_p3_features.TestBulkImport" name="test_bulk_import_clients_endpoint_exists" time="0.104" /><testcase classname="backend.tests.test_p2_p3_features.TestBulkImport" name="test_bulk_import_systems_endpoint_exists" time="0.120" /><testcase classname="backend.tests.test_p2_p3_features.TestBulkImport" name="test_bulk_import_requires_auth" time="0.097" /><testcase classname="backend.tests.test_p2_p3_features.TestDashboardStats" name="test_dashboard_stats_returns_data" time="0.102" /><testcase classname="backend.tests.test_p2_p3_features.TestAPIEndpointsHealth" name="test_scheduled_assessments_get" time="0.101" /><testcase classname="backend.tests.test_p2_p3_features.TestAPIEndpointsHealth" name="test_scheduled_assessments_due" time="0.100" /><testcase classname="backend.tests.test_p2_p3_features.TestAPIEndpointsHealth" name="test_shareable_reports_list" time="0.108" /><testcase classname="backend.tests.test_p2_p3_features.TestAPIEndpointsHealth" name="test_clients_endpoint" time="0.107" /><testcase classname="backend.tests.test_p2_p3_features.TestAPIEndpointsHealth" name="test_ai_systems_endpoint" time="0.326" /></testsuite></testsuites>